[2024-04-29 00:08:13] Se creó un nuevo usuario: Joselito jOSELITO (Usuario: jOSELITO)
[2024-04-29 00:15:52] Se creó un nuevo usuario: Pepepeppe pepepeppe (Usuario: pepepeppe)
[2024-04-29 04:57:56] Nuevo usuario registrado: Mariosa Mariosa
[2024-04-29 05:21:41] Nuevo usuario registrado: Kokokooko KOKOKOoko (ID: )
[2024-04-29 19:50:21] El usuario '' realizó un nuevo préstamo (ID: 48)
[2024-04-29 19:52:49] 
[2024-04-29 19:57:38] 
[2024-04-29 20:04:25] Se ha realizado un nuevo préstamo (ID: 7, Cantidad: 4, Profesor ID: 2)
[2024-04-29 20:10:07] Se ha realizado un nuevo préstamo (ID: 7, Cantidad: 4, Profesor ID: 2)
[2024-04-29 20:14:34] Se ha realizado un nuevo préstamo (ID: 7, Cantidad: 4, Profesor ID: 3)
[2024-04-29 20:17:10] Se ha realizado un nuevo préstamo (ID: 7, Cantidad: 32, Profesor ID: 1)
[2024-04-29 20:20:00] Se ha realizado un nuevo préstamo (ID: 7, Cantidad: 20, Profesor ID: 2)
[2024-04-29 20:21:28] Se ha realizado un nuevo préstamo (ID: 8, Cantidad: 1, Profesor ID: 1)
[2024-04-29 20:21:28] Se ha realizado un nuevo préstamo (ID: 8, Cantidad: 1, Profesor ID: 1)
[2024-04-29 20:45:39] Se ha guardado un nuevo profesor: Dsadsadas sdadad en la base de datos
[2024-04-29 20:48:23] INSERTAR_PROFESOR - Se ha guardado un nuevo profesor: Dsadsad dsaddasd en la base de datos
[2024-04-29 20:50:40] ACCION_NO_ESPECIFICADA - Se ha registrado un nuevo profesor: Sdadsadasda dsadaddsaa
[2024-04-29 20:51:43] Se ha registrado un nuevo profesor: Dsadadasd dasdsadad
[2024-04-29 20:59:37] Se ha registrado un nuevo profesor: Ssssssss SSSSSSS
[2024-04-30 01:01:27] Se ha realizado un nuevo préstamo (ID: 7, Cantidad: 13, Profesor ID: 2)
[2024-04-30 01:01:27] Se ha realizado un nuevo préstamo (ID: 7, Cantidad: 13, Profesor ID: 2)
[2024-04-30 02:02:31] Se ha realizado un nuevo préstamo (ID: 7, Cantidad: 20, Profesor ID: 2)
[2024-04-30 02:02:31] Se ha realizado un nuevo préstamo (ID: 7, Cantidad: 20, Profesor ID: 2)
[2024-04-30 02:03:22] Se ha realizado un nuevo préstamo (ID: 7, Cantidad: 22, Profesor ID: 2)
[2024-04-30 02:03:22] Se ha realizado un nuevo préstamo (ID: 7, Cantidad: 22, Profesor ID: 2)
[2024-04-30 02:13:26] Se ha realizado un nuevo préstamo (ID: 7, Cantidad: 20, Profesor ID: 1)
[2024-04-30 02:13:26] Se ha realizado un nuevo préstamo (ID: 7, Cantidad: 20, Profesor ID: 1)
[2024-04-30 02:14:32] Se ha realizado un nuevo préstamo (ID: 7, Cantidad: 22, Profesor ID: 1)
[2024-04-30 02:14:32] Se ha realizado un nuevo préstamo (ID: 7, Cantidad: 22, Profesor ID: 1)
[2024-04-30 02:20:55] Se ha realizado un nuevo préstamo (ID: 7, Cantidad: 25, Profesor ID: 1)
[2024-04-30 02:20:55] Se ha realizado un nuevo préstamo (ID: 7, Cantidad: 25, Profesor ID: 1)
[2024-04-30 02:41:29] Se ha realizado un nuevo préstamo (ID: 6, Cantidad: 1, Profesor ID: 2)
[2024-04-30 02:41:29] Se ha realizado un nuevo préstamo (ID: 6, Cantidad: 1, Profesor ID: 2)
[2024-04-30 08:26:06] Se ha registrado un nuevo profesor: Asdasd dasd
[2024-04-30 08:39:44] Se ha registrado un nuevo profesor: dsadad dsadad
[2024-04-30 16:57:19] Se ha realizado un nuevo préstamo (ID: 7, Cantidad: 4, Profesor ID: 2)
[2024-04-30 16:57:19] Se ha realizado un nuevo préstamo (ID: 7, Cantidad: 4, Profesor ID: 2)
[2024-05-06 03:57:11] Se ha realizado un nuevo préstamo (ID: 7, Cantidad: 2, Profesor ID: 3)
[2024-05-06 03:57:11] Se ha realizado un nuevo préstamo (ID: 7, Cantidad: 2, Profesor ID: 3)
[2024-05-06 03:58:35] Se ha realizado un nuevo préstamo (ID: 7, Cantidad: 3, Profesor ID: 2)
[2024-05-06 03:58:36] Se ha realizado un nuevo préstamo (ID: 7, Cantidad: 3, Profesor ID: 2)
[2024-05-06 04:25:25] Se ha realizado un nuevo préstamo (ID: 7, Cantidad: 2, Profesor ID: 1)
[2024-05-06 04:25:25] Se ha realizado un nuevo préstamo (ID: 7, Cantidad: 2, Profesor ID: 1)
[2024-05-06 04:34:40] Se ha realizado un nuevo préstamo (ID: 7, Cantidad: 2, Profesor ID: 1)
[2024-05-06 04:34:40] Se ha realizado un nuevo préstamo (ID: 7, Cantidad: 2, Profesor ID: 1)
[2024-05-06 06:47:42] Se ha registrado un nuevo profesor: ddf dfdf
[2024-05-06 06:55:31] Se ha realizado un nuevo préstamo (ID: 8, Cantidad: 4, Profesor ID: 8)
[2024-05-06 06:55:31] Se ha realizado un nuevo préstamo (ID: 8, Cantidad: 4, Profesor ID: 8)
[2024-05-06 22:53:37] Se ha realizado un nuevo préstamo (ID: 7, Cantidad: 1, Profesor ID: 10)
[2024-05-06 22:53:38] Se ha realizado un nuevo préstamo (ID: 7, Cantidad: 1, Profesor ID: 10)
[2024-05-07 04:10:29] Se ha registrado un nuevo profesor: Jefaso Jefaso
[2024-05-07 09:51:27] Se ha registrado un nuevo profesor: dsadas dad
[2024-05-07 15:51:56] Se ha registrado un nuevo profesor: Miguel Jose
[2024-05-07 15:53:05] Se ha realizado un nuevo préstamo (ID: 15, Cantidad: 5, Profesor ID: 14)
[2024-05-07 15:53:05] Se ha realizado un nuevo préstamo (ID: 15, Cantidad: 5, Profesor ID: 14)
[2024-05-07 15:55:49] Se ha realizado un nuevo préstamo (ID: 15, Cantidad: 2, Profesor ID: 12)
[2024-05-07 15:55:49] Se ha realizado un nuevo préstamo (ID: 15, Cantidad: 2, Profesor ID: 12)
[2024-05-08 00:34:06] Se ha registrado un nuevo profesor: Hola Hola
[2024-05-08 00:37:31] Se ha registrado un nuevo profesor: Sisos Sisos
[2024-05-08 00:43:38] Se ha registrado un nuevo producto 3 sadsad
[2024-05-08 00:48:27] Se ha registrado un nuevo producto 23 dddddddddddddd
[2024-05-08 00:50:07] Se ha registrado un nuevo producto 321321 dsada
[2024-05-08 00:53:25] Se ha registrado un nuevo producto 3 adsdsasdasd
[2024-05-08 00:57:08] Se ha registrado un nuevo producto 3 aad
[2024-05-08 00:59:49] Se ha Eliminado el producto dsaaaaa con).
[2024-05-08 01:00:32] Se ha Eliminado el producto dsadsadsadad con).
[2024-05-08 01:02:27] Se ha actualizado un  producto 20 Pene
[2024-05-08 01:17:14] Producto registrado correctamente - Código: dsadsa, Nombre: dsadas
[2024-05-08 01:18:13] Producto registrado correctamente - Código: 3, Nombre: sqada
[2024-05-08 01:30:05] Producto registrado correctamente - Código: 41, Nombre: dads
[2024-05-08 01:39:03] Se registró un nuevo profesor: dsada dsadsada (ID: 0)
[2024-05-08 01:42:29] Se registró un nuevo profesor: asdsad asdasd (ID: 0)
[2024-05-08 02:01:46] Se registró un nuevo profesor: dsadsad dsad (ID: 0)
[2024-05-08 02:01:46] El usuario '' creo a 'dsadsad'
[2024-05-08 02:02:30] Se registró un nuevo profesor: dsadsad dsadad (ID: 0)
[2024-05-08 02:02:30] El usuario '' creo a 'dsadsad'
[2024-05-08 02:03:05] Se registró un nuevo profesor: dsadsadaa dsadadaa (ID: 0)
[2024-05-08 02:03:05] El usuario '' creo a 'dsadsadaa'
[2024-05-08 02:04:08] Se registró un nuevo profesor: dsadsadaa dsadadaa (ID: 0)
[2024-05-08 02:04:08] El usuario '' creo a 'dsadsadaa'
[2024-05-08 02:04:45] Se registró un nuevo profesor: dsadsadaa dsadadaa (ID: 0)
[2024-05-08 02:04:45] El usuario '' creo a 'dsadsadaa'
[2024-05-08 02:05:09] Se registró un nuevo profesor: 
[2024-05-08 02:09:57] Se registró un nuevo profesor: dsadasdds dasdadasdsad, Departamento: Telecomunicaciones, Cargo: Profesor, Cédula: 3232323
[2024-05-08 02:10:31] Se registró un nuevo profesor: dsadsad sadsadsadad, Departamento: Electronica, Cargo: Coordinador, Cédula: 2313123
[2024-05-08 02:12:15] Se registró un nuevo profesor: dsadasd adsdadsadsad, Departamento: Electronica, Cargo: Profesor, Cédula: 3131
[2024-05-08 02:19:03] Se registró un nuevo profesor: dsadsaadsad dsadsadsad, Departamento: Telecomunicaciones, Cargo: Profesor, Cédula: 31313
[2024-05-08 02:25:04] Se actualizó la categoría con ID: 2, Nombre: Cajaa, Ubicación: Contenedor
[2024-05-08 02:30:58] Se actualizó la categoría con ID: 2, Nombre: Cajaas, Ubicación: Contenedor
[2024-05-08 02:32:00] Se actualizó la categoría con ID: '2', Nombre: 'Cajaass', Ubicación: 'Contenedor'
[2024-05-08 02:34:28] Se actualizó la categoría con ID: '2', Nombre: 'Cajaassa', Ubicación: 'Contenedor'
[2024-05-08 02:34:43] Se actualizó la categoría con ID: '2', Nombre: 'Cajaassaa', Ubicación: 'Contenedor'
[2024-05-08 02:36:06] Se actualizó la categoría con ID: '2', Nombre: 'Cajaassaa', Ubicación: 'Contenedor'
[2024-05-08 03:39:07] Se creó una nueva categoría con ID: '', Nombre: 'dsadsad', Ubicación: 'dasdsadsa'
[2024-05-08 03:39:52] Se creó una nueva categoría con Nombre: 'sadadsad', Ubicación: 'adsadasd'
[2024-05-08 03:40:59] Se creó una nueva categoría con ID: '0', Nombre: 'aaaaaaaaaaa', Ubicación: 'aaaaaaaaa'
[2024-05-08 04:50:07] Se creó una nueva categoría con ID: '', Nombre: 'dasdad', Ubicación: 'dasdsad'
[2024-05-08 04:51:00] Se creó una nueva categoría con ID: '0', Nombre: 'dasdadaaa', Ubicación: 'dasdsadaaa'
[2024-05-08 04:52:29] Se creó una nueva categoría con ID: '15', Nombre: 'fdsfaf', Ubicación: 'adfda'
[2024-05-08 04:54:28] Se creó una nueva categoría con ID: '16', Nombre: 'adsdadsad', Ubicación: 'asdsad'
[2024-05-08 18:28:37] Se creó una nueva categoría con ID: '17', Nombre: 'sadsadad', Ubicación: ''
[2024-05-08 18:33:13] Se creó una nueva categoría con ID: '18', Nombre: 'JOSELETEaaa', Ubicación: 'JOSELETEa'
[2024-05-08 18:48:28] El producto 'peppepe' 
[2024-05-08 18:51:30] El producto 'dasdasdadaaaaa' 
[2024-05-08 18:52:58] El producto 'aaaaaaaaaaaaaaaaaaaaa' 
[2024-05-08 18:58:06] El producto 'aaaaaaaaaaaaa' 
[2024-05-08 18:59:09] El producto 'aaaaaa' 
[2024-05-09 00:29:09] Se registró un nuevo profesor: dfd dffdf, Departamento: Telecomunicaciones, Cargo: Profesor, Cédula: 323
[2024-05-09 01:31:31] Se registró un nuevo profesor: Profe Profe, Departamento: Electronica, Cargo: Coordinador, Cédula: 431424
[2024-05-09 01:31:55] Se creó una nueva categoría con ID: '19', Nombre: 'sdadsaa', Ubicación: 'ddasdsada'
[2024-05-09 01:36:39] Se ha realizado un nuevo préstamo (ID: 36, Cantidad: 50, Profesor ID: 2)
[2024-05-09 01:36:39] Se ha realizado un nuevo préstamo (ID: 36, Cantidad: 50, Profesor ID: 2)
[2024-05-09 01:37:30] Se ha realizado un nuevo préstamo (ID: 36, Cantidad: 20, Profesor ID: 6)
[2024-05-09 01:37:31] Se ha realizado un nuevo préstamo (ID: 36, Cantidad: 20, Profesor ID: 6)
[2024-05-09 01:43:43] Se ha realizado un nuevo préstamo (ID: 36, Cantidad: 30, Profesor ID: 2)
[2024-05-09 01:43:43] Se ha realizado un nuevo préstamo (ID: 36, Cantidad: 30, Profesor ID: 2)
[2024-05-09 01:45:18] Se ha realizado un nuevo préstamo (ID: 36, Cantidad: 30, Profesor ID: 1)
[2024-05-09 01:45:18] Se ha realizado un nuevo préstamo (ID: 36, Cantidad: 30, Profesor ID: 1)
[2024-05-09 02:17:45] Se registró un nuevo profesor: dsadsada sdsadsadsad, Departamento: Telecomunicaciones, Cargo: Profesor, Cédula: 31231231
[2024-05-09 02:21:12] Se registró un nuevo profesor: sadsadaaaa aaaaaaaaaaaaaaaa, Departamento: Telecomunicaciones, Cargo: Coordinador, Cédula: 313131313131
[2024-05-09 02:23:18] Se registró un nuevo profesor: Pendejo Pendejo, Departamento: Electricidad, Cargo: Profesor, Cédula: 3123333333333
[2024-05-09 02:23:42] Se registró un nuevo profesor: Pendejos Pendejos, Departamento: Electricidad, Cargo: Profesor, Cédula: 3333333333333
[2024-05-09 02:24:05] Se registró un nuevo profesor: GEores GEores, Departamento: Telecomunicaciones, Cargo: Coordinador, Cédula: 22222222222222
[2024-05-09 02:28:50] Se registró un nuevo profesor: aaaaaaaaaaaaaaaaaaaaaaaaaaaaa aaaaaaaaaaaaaaaaaaaaaaaa, Departamento: Telecomunicaciones, Cargo: Profesor, Cédula: 222222222222
[2024-05-09 02:31:29] Se creó una nueva categoría con ID: '20', Nombre: 'sssssssssssss', Ubicación: 'sssssssss'
[2024-05-09 02:33:13] Se creó una nueva categoría con ID: '21', Nombre: 'saaaaaaaaaa', Ubicación: 'saaaaaaaaa'
[2024-05-09 02:35:33] Se ha realizado un nuevo préstamo (ID: 8, Cantidad: 1, Profesor ID: 2)
[2024-05-09 02:35:33] Se ha realizado un nuevo préstamo (ID: 8, Cantidad: 1, Profesor ID: 2)
[2024-05-09 03:45:47] Se registró un nuevo profesor: ddddddddddd ddddddddd, Departamento: Electronica, Cargo: Profesor, Cédula: 222222222
[2024-05-09 03:46:02] Se registró un nuevo profesor: ddddddddddde ddddddddde, Departamento: Electronica, Cargo: Profesor, Cédula: 22222222222
[2024-05-09 03:46:23] Se registró un nuevo profesor: dddddddddddea dddddddddea, Departamento: Electronica, Cargo: Profesor, Cédula: 2222222222221
[2024-05-09 04:19:14] Se registró un nuevo profesor: aaaaaaaaaaee aaaaaaaaaaaeee, Departamento: Instrumentacionycontrol, Cargo: Coordinador, Cédula: 31231231232
[2024-05-09 04:20:50] Se registró un nuevo profesor: aaaaaaaaaaee aaaaaaaaaaaeee, Departamento: Instrumentacionycontrol, Cargo: Coordinador, Cédula: 312312312321
[2024-05-09 04:21:26] Se registró un nuevo profesor: aaaaaaaaaaee aaaaaaaaaaaeee, Departamento: Instrumentacionycontrol, Cargo: Coordinador, Cédula: 3123123123211
[2024-05-09 04:22:38] Se registró un nuevo profesor: aaaaaaaaaaee aaaaaaaaaaaeee, Departamento: Instrumentacionycontrol, Cargo: Coordinador, Cédula: 31231231232112
[2024-05-09 04:23:41] Se registró un nuevo profesor: aaaaaaaaaaee aaaaaaaaaaaeee, Departamento: Instrumentacionycontrol, Cargo: Coordinador, Cédula: 312312312321121
[2024-05-09 04:23:47] Se registró un nuevo profesor: aaaaaaaaaaee aaaaaaaaaaaeee, Departamento: Instrumentacionycontrol, Cargo: Coordinador, Cédula: 3123123123211212
[2024-05-09 05:45:39] Se registró un nuevo profesor: ffdf dfdf, Departamento: Instrumentacionycontrol, Cargo: JefedeDepartamento, Cédula: 32323
[2024-05-09 06:57:25] Se creó una nueva categoría con ID: '7', Nombre: 'perro', Ubicación: 'gatos'
[2024-05-09 06:59:04] Se ha realizado un nuevo préstamo (ID: 7, Cantidad: 2, Profesor ID: 30)
[2024-05-09 06:59:04] Se ha realizado un nuevo préstamo (ID: 7, Cantidad: 2, Profesor ID: 30)
[2024-05-09 08:54:02] Se creó una nueva categoría con ID: '8', Nombre: 'cajon de maquinas', Ubicación: 'salon 45'
[2024-05-09 08:55:23] Se registró un nuevo profesor: dsd dsd, Departamento: Electricidad, Cargo: Profesor, Cédula: 121213
[2024-05-09 08:56:42] Se ha realizado un nuevo préstamo (ID: 14, Cantidad: 10, Profesor ID: 6)
[2024-05-09 08:56:42] Se ha realizado un nuevo préstamo (ID: 14, Cantidad: 10, Profesor ID: 6)
[2024-05-11 22:21:47] Se creó una nueva categoría con ID: '22', Nombre: 'aaaaaaaaaaaa', Ubicación: 'aa321321'
[2024-05-11 22:29:25] Se registró un nuevo profesor: dsaa dassdsad, Departamento: Electronica, Cargo: Profesor, Cédula: 21414
[2024-05-11 22:39:10] Se registró un nuevo profesor: dfdasdas afsf, Departamento: Telecomunicaciones, Cargo: Profesor, Cédula: 2314
[2024-05-11 23:11:03] Se registró un nuevo profesor: dsadsa dasdsad, Departamento: Electricidad, Cargo: Coordinador, Cédula: 32131
[2024-05-11 23:17:01] Se registró un nuevo profesor: dsadsas dasdsads, Departamento: Electricidad, Cargo: Coordinador, Cédula: 321312
[2024-05-11 23:35:42] Se registró un nuevo profesor: dasd asdsad, Departamento: Telecomunicaciones, Cargo: Coordinador, Cédula: 32124
[2024-05-11 23:36:15] Se registró un nuevo profesor: dsads adsadasdasd, Departamento: Telecomunicaciones, Cargo: Profesor, Cédula: 2313124
[2024-05-11 23:45:52] Se registró un nuevo profesor: dsad asda, Departamento: Telecomunicaciones, Cargo: Coordinador, Cédula: 1432142
[2024-05-11 23:45:55] Se registró un nuevo profesor: dsaddsad asdadsad, Departamento: Telecomunicaciones, Cargo: Coordinador, Cédula: 14321424
[2024-05-14 01:25:03] Se creó una nueva categoría con ID: '22', Nombre: 'dsadsa', Ubicación: 'dewqeq'
[2024-05-15 01:58:30] Se ha registrado un nuevo producto dsaf445rd por el usuario Joselito
[2024-05-15 02:02:41] Se ha registrado un nuevo producto asdssad por el usuario Juan
[2024-05-15 02:03:40] Se ha registrado un nuevo producto asdssad4 por el usuario Juan
[2024-05-15 02:12:15] Se registró un nuevo profesor: das dasdsa, Departamento: Telecomunicaciones, Cargo: Coordinador, Cédula: 3214312
[2024-05-15 02:20:11] Se registró un nuevo profesor: dsad sadas, Departamento: Electronica, Cargo: Coordinador, Cédula: 533254
[2024-05-21 20:46:16] Se ha registrado un nuevo producto faf por el usuario Juan
[2024-05-21 20:53:08] Se ha registrado un nuevo producto aaaaaaaaaaa por el usuario Juan
[2024-05-21 20:54:08] Se creó una nueva categoría con ID: '23', Nombre: 'ewew', Ubicación: 'weweewe'
[2024-05-21 20:54:11] Se creó una nueva categoría con ID: '24', Nombre: 'aaaaaaaaa', Ubicación: 'aaaaaaaaaaaa'
[2024-05-21 21:47:47] Se registró un nuevo profesor: dasd dsad, Departamento: Telecomunicaciones, Cargo: Profesor, Cédula: 2141
[2024-05-21 21:47:59] Se ha realizado un nuevo préstamo (ID: 65, Cantidad: 2, Profesor ID: 76)
[2024-05-21 21:47:59] Se ha realizado un nuevo préstamo (ID: 65, Cantidad: 2, Profesor ID: 76)
[2024-05-21 22:12:03] Se ha registrado un nuevo producto dsada por el usuario Joselito
[2024-05-23 00:08:09] Se creó una nueva categoría con ID: '25', Nombre: 'dsadsad', Ubicación: 'dsadsad'
[2024-05-23 00:18:23] Se creó una nueva categoría con ID: '29', Nombre: 'sadsadasd', Ubicación: 'adsadadsasd'
[2024-05-23 00:18:42] Se creó una nueva categoría con ID: '30', Nombre: 'sadsadasdd', Ubicación: 'adsadadsasdd'
[2024-05-23 00:20:32] Se creó una nueva categoría con ID: '31', Nombre: 'dsadsadff', Ubicación: 'dsadasdsadff'
[2024-05-23 00:36:46] Se ha registrado un nuevo producto dsadasd por el usuario Juan
[2024-05-23 00:38:05] Se registró un nuevo profesor: jose miguel, Departamento: Electronica, Cargo: Profesor, Cédula: 421421414
[2024-05-23 00:54:21] Se ha realizado un nuevo préstamo (ID: 66, Cantidad: 2, Profesor ID: 76)
[2024-05-23 00:54:21] Se ha realizado un nuevo préstamo (ID: 66, Cantidad: 2, Profesor ID: 76)
[2024-05-23 00:59:43] Se ha realizado un nuevo préstamo (ID: 70, Cantidad: 1, Profesor ID: 76)
[2024-05-23 00:59:43] Se ha realizado un nuevo préstamo (ID: 70, Cantidad: 1, Profesor ID: 76)
[2024-05-23 01:02:36] Se ha realizado un nuevo préstamo (ID: 66, Cantidad: 1, Profesor ID: 76)
[2024-05-23 01:02:36] Se ha realizado un nuevo préstamo (ID: 66, Cantidad: 1, Profesor ID: 76)
[2024-05-23 01:14:47] Se ha realizado un nuevo préstamo (ID: 73, Cantidad: 1, Profesor ID: 76)
[2024-05-23 01:14:47] Se ha realizado un nuevo préstamo (ID: 73, Cantidad: 1, Profesor ID: 76)
[2024-05-23 14:35:54] Se ha registrado un nuevo producto ASDASFAF por el usuario Administrador
[2024-05-23 14:52:05] Se ha realizado un nuevo préstamo (ID: 66, Cantidad: 2, Profesor ID: 76)
[2024-05-23 14:56:48] Se ha realizado un nuevo préstamo (ID: 66, Cantidad: 1, Profesor ID: 76)
[2024-05-23 17:09:15] Se ha registrado un nuevo producto Destor por el usuario Joselito
[2024-05-31 07:57:44] Se ha registrado un nuevo producto dsdssd por el usuario Juanae
[2024-06-13 00:46:39] Se ha realizado un nuevo préstamo (ID: 73, Cantidad: 1, Profesor ID: 76)
[2024-06-13 05:28:52] Se ha realizado un nuevo préstamo (ID: 73, Cantidad: 1, Profesor ID: 76)
[2024-09-17 02:15:08] Se ha registrado un nuevo producto destornillador por el usuario Joselito
[2024-09-17 02:18:17] Se ha realizado un nuevo préstamo (ID: 74, Cantidad: 4, Profesor ID: 78)
