[2024-04-29 20:10:13] El usuario 'administradora' eliminó al usuario 'Pedrote' con ID: 81
[2024-04-29 20:56:38] El usuario 'administradora' eliminó al usuario 'Kokokooko' con ID: 87
[2024-04-29 21:06:51] Se ha devuelto el producto del préstamo (ID: 39). Cantidad devuelta: 1
[2024-04-29 21:16:23] Se ha devuelto el producto del préstamo 7(ID: 38). Cantidad devuelta: 1
[2024-04-29 21:19:08] Se ha devuelto el  del préstamo (ID: 45). Cantidad devuelta: 1
[2024-04-29 21:20:52] Se ha devuelto el 7 del préstamo (ID: 46). Cantidad devuelta: 1
[2024-04-29 22:32:54] Se ha devuelto el  del préstamo (ID: 46). Cantidad devuelta: 1
[2024-04-29 22:32:58] Se ha devuelto el  del préstamo (ID: 51). Cantidad devuelta: 1
[2024-04-29 22:44:32] Se ha Eliminado el Producto (ID: product_id_del).
[2024-04-29 22:45:24] Se ha Eliminado el Producto (ID: 11).
[2024-04-29 22:48:57] Se ha Eliminado el dsadsa con ID: 12).
[2024-04-29 22:49:30] Se ha Eliminado el producto Libros con ID: 13).
[2024-04-30 00:57:09] Se ha devuelto el préstamo del producto '' (ID: 51). Cantidad devuelta: 1
[2024-04-30 00:58:19] Se ha devuelto el préstamo del producto 'Esponja' (ID: 51). Cantidad devuelta: 1
[2024-04-30 01:04:21] El usuario 'administradora' eliminó al usuario 'Joselito' con ID: 79
[2024-04-30 01:04:31] Se ha Eliminado el producto ter con ID: 9).
[2024-04-30 01:04:46] Se ha devuelto el préstamo del producto 'Esponja' (ID: 46). Cantidad devuelta: 1
[2024-04-30 01:13:11] El préstamo del producto 'Esponja' (ID: 54) está retrasado.
[2024-04-30 01:44:22] El préstamo del producto 'Esponja' (ID: 54) para el profesor  está retrasado.
[2024-04-30 01:44:46] El préstamo del producto 'Esponja' (ID: 54) para el profesor  está retrasado.
[2024-04-30 02:00:02] Se ha devuelto el préstamo del producto 'Esponja' (ID: 55).    Cantidad devuelta: 2
[2024-04-30 02:00:02] Se ha devuelto el préstamo del producto 'Esponja' (ID: 55).    Cantidad devuelta: 2
[2024-04-30 02:00:31] Se ha devuelto el préstamo del producto 'Esponja' (ID: 59).    Cantidad devuelta: 12
[2024-04-30 02:02:41] Se ha devuelto el préstamo del producto 'Esponja' (ID: 60).    Cantidad devuelta: 11
[2024-04-30 02:03:03] Se ha devuelto el préstamo del producto 'Esponja' (ID: 60).    Cantidad devuelta: 9
[2024-04-30 02:03:26] Se ha devuelto el préstamo del producto 'Esponja' (ID: 61).    Cantidad devuelta: 12
[2024-04-30 02:13:51] Se ha devuelto el préstamo del producto 'Esponja' (ID: 62).    Cantidad devuelta: 12
[2024-04-30 02:14:19] Se ha devuelto el préstamo del producto 'Esponja' (ID: 62).    Cantidad devuelta: 8
[2024-04-30 02:15:40] Se ha devuelto el préstamo del producto 'Esponja' (ID: 63).    Cantidad devuelta: 22
[2024-04-30 02:21:03] Se ha devuelto el préstamo del producto 'Esponja' (ID: 64).    Cantidad devuelta: 22
[2024-04-30 02:21:28] Se ha devuelto el préstamo del producto 'Esponja' (ID: 50).    Cantidad devuelta: 1
[2024-04-30 02:24:44] Se ha devuelto el préstamo del producto 'Esponja' (ID: 59) por Jorge JORGE. Cantidad devuelta: 1
[2024-04-30 02:30:27] Se ha devuelto el préstamo del producto 'Esponja' (ID: 51) por Jorge JORGE. Cantidad devuelta: 1 (Devolución con fecha anterior al día actual)
[2024-04-30 02:41:01] Se ha devuelto el préstamo del producto 'Esponja' (ID: 64) por Peperoni Peperoni. Cantidad devuelta: 2
[2024-04-30 07:32:54] El usuario 'administradora' eliminó a la categoria '' con ID: 3
[2024-04-30 07:36:30] El usuario 'administradora' eliminó la categoría 'dsasdsa' con ID: 4
[2024-04-30 07:40:02] Se ha Eliminado el producto dsadsad con ID: 14).
[2024-04-30 08:26:35] El usuario 'administradora' eliminó al profesor 'Asdasd' con ID: 10

[2024-05-05 20:47:23] El usuario 'administradora' eliminó al usuario 'Rodri' con ID: 94
